[debug] [2023-05-16T02:58:20.201Z] ----------------------------------------------------------------------
[debug] [2023-05-16T02:58:20.203Z] Command:       C:\Program Files\nodejs\node.exe C:\Users\valde\AppData\Roaming\npm\node_modules\firebase-tools\lib\bin\firebase.js init
[debug] [2023-05-16T02:58:20.203Z] CLI Version:   12.0.0
[debug] [2023-05-16T02:58:20.204Z] Platform:      win32
[debug] [2023-05-16T02:58:20.204Z] Node Version:  v18.16.0
[debug] [2023-05-16T02:58:20.204Z] Time:          Mon May 15 2023 23:58:20 GMT-0300 (hora estándar de Argentina)
[debug] [2023-05-16T02:58:20.205Z] ----------------------------------------------------------------------
[debug] 
[debug] [2023-05-16T02:58:20.210Z] > command requires scopes: ["email","openid","https://www.googleapis.com/auth/cloudplatformprojects.readonly","https://www.googleapis.com/auth/firebase","https://www.googleapis.com/auth/cloud-platform"]
[debug] [2023-05-16T02:58:20.211Z] > authorizing via signed-in user (valdezsantiago16@gmail.com)
[info] 
     ######## #### ########  ######## ########     ###     ######  ########
     ##        ##  ##     ## ##       ##     ##  ##   ##  ##       ##
     ######    ##  ########  ######   ########  #########  ######  ######
     ##        ##  ##    ##  ##       ##     ## ##     ##       ## ##
     ##       #### ##     ## ######## ########  ##     ##  ######  ########

You're about to initialize a Firebase project in this directory:

  C:\Users\valde\Desktop\Argentina Programa\FrontEnd

[info] 
=== Project Setup
[info] 
[info] First, let's associate this project directory with a Firebase project.
[info] You can create multiple project aliases by running firebase use --add, 
[info] but for now we'll just set up a default project.
[info] 
[debug] [2023-05-16T02:58:43.762Z] >>> [apiv2][query] GET https://firebase.googleapis.com/v1beta1/projects pageSize=100
[debug] [2023-05-16T02:58:44.490Z] <<< [apiv2][status] GET https://firebase.googleapis.com/v1beta1/projects 200
[debug] [2023-05-16T02:58:44.490Z] <<< [apiv2][body] GET https://firebase.googleapis.com/v1beta1/projects [omitted]
[info] i  Using project frontend-45feb (Frontend) 
[info] 
=== Hosting Setup
[info] 
[info] Your public directory is the folder (relative to your project directory) that
[info] will contain Hosting assets to be uploaded with firebase deploy. If you
[info] have a build process for your assets, use your build's output directory.
[info] 
[debug] [2023-05-16T02:59:00.872Z] >>> [apiv2][query] GET https://www.gstatic.com/firebasejs/releases.json [none]
[debug] [2023-05-16T02:59:00.999Z] <<< [apiv2][status] GET https://www.gstatic.com/firebasejs/releases.json 200
[debug] [2023-05-16T02:59:01.000Z] <<< [apiv2][body] GET https://www.gstatic.com/firebasejs/releases.json {"current":{"version":"9.22.0","browserURL":"https://www.gstatic.com/firebasejs/9.22.0/firebase.js","packageURL":"https://www.gstatic.com/firebasejs/9.22.0/firebase.tgz"},"live":{"version":"9.22","browserURL":"https://www.gstatic.com/firebasejs/live/9.22/firebase.js","packageURL":"https://www.gstatic.com/firebasejs/live/9.22/firebase.tgz"},"components":{"analytics":"https://www.gstatic.com/firebasejs/9.22.0/firebase-analytics.js","app":"https://www.gstatic.com/firebasejs/9.22.0/firebase-app.js","app-check":"https://www.gstatic.com/firebasejs/9.22.0/firebase-app-check.js","auth":"https://www.gstatic.com/firebasejs/9.22.0/firebase-auth.js","auth/cordova":"https://www.gstatic.com/firebasejs/9.22.0/firebase-auth/cordova.js","auth/react-native":"https://www.gstatic.com/firebasejs/9.22.0/firebase-auth/react-native.js","functions":"https://www.gstatic.com/firebasejs/9.22.0/firebase-functions.js","firestore":"https://www.gstatic.com/firebasejs/9.22.0/firebase-firestore.js","firestore/lite":"https://www.gstatic.com/firebasejs/9.22.0/firebase-firestore/lite.js","installations":"https://www.gstatic.com/firebasejs/9.22.0/firebase-installations.js","storage":"https://www.gstatic.com/firebasejs/9.22.0/firebase-storage.js","performance":"https://www.gstatic.com/firebasejs/9.22.0/firebase-performance.js","remote-config":"https://www.gstatic.com/firebasejs/9.22.0/firebase-remote-config.js","messaging":"https://www.gstatic.com/firebasejs/9.22.0/firebase-messaging.js","messaging/sw":"https://www.gstatic.com/firebasejs/9.22.0/firebase-messaging/sw.js","database":"https://www.gstatic.com/firebasejs/9.22.0/firebase-database.js","firestore.memory":"https://www.gstatic.com/firebasejs/9.22.0/firebase-firestore.memory.js"}}
[info] +  Wrote yes/index.html 
[info] 
[info] i  Detected a .git folder at C:\Users\valde\Desktop\Argentina Programa\FrontEnd 
[info] i  Authorizing with GitHub to upload your service account to a GitHub repository's secrets store. 
[info] 
[info] Visit this URL on this device to log in:
[info] https://github.com/login/oauth/authorize?client_id=89cf50f02ac6aaed3484&state=813196540&redirect_uri=http%3A%2F%2Flocalhost%3A9005&scope=read%3Auser%20repo%20public_repo
[info] 
[info] Waiting for authentication...
[debug] [2023-05-16T02:59:04.007Z] >>> [apiv2][query] POST https://github.com/login/oauth/access_token [none]
[debug] [2023-05-16T02:59:04.007Z] >>> [apiv2][body] POST https://github.com/login/oauth/access_token [stream]
[debug] [2023-05-16T02:59:04.407Z] <<< [apiv2][status] POST https://github.com/login/oauth/access_token 200
[debug] [2023-05-16T02:59:04.407Z] <<< [apiv2][body] POST https://github.com/login/oauth/access_token {"access_token":"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","token_type":"bearer","scope":"read:user,repo"}
[debug] [2023-05-16T02:59:04.411Z] >>> [apiv2][query] GET https://api.github.com/user [none]
[debug] [2023-05-16T02:59:04.824Z] <<< [apiv2][status] GET https://api.github.com/user 200
[debug] [2023-05-16T02:59:04.824Z] <<< [apiv2][body] GET https://api.github.com/user {"login":"fluit105","id":25747021,"node_id":"MDQ6VXNlcjI1NzQ3MDIx","avatar_url":"https://avatars.githubusercontent.com/u/25747021?v=4","gravatar_id":"","url":"https://api.github.com/users/fluit105","html_url":"https://github.com/fluit105","followers_url":"https://api.github.com/users/fluit105/followers","following_url":"https://api.github.com/users/fluit105/following{/other_user}","gists_url":"https://api.github.com/users/fluit105/gists{/gist_id}","starred_url":"https://api.github.com/users/fluit105/starred{/owner}{/repo}","subscriptions_url":"https://api.github.com/users/fluit105/subscriptions","organizations_url":"https://api.github.com/users/fluit105/orgs","repos_url":"https://api.github.com/users/fluit105/repos","events_url":"https://api.github.com/users/fluit105/events{/privacy}","received_events_url":"https://api.github.com/users/fluit105/received_events","type":"User","site_admin":false,"name":null,"company":null,"blog":"","location":null,"email":null,"hireable":null,"bio":null,"twitter_username":null,"public_repos":6,"public_gists":0,"followers":1,"following":0,"created_at":"2017-02-13T15:11:45Z","updated_at":"2023-04-20T20:56:21Z","private_gists":0,"total_private_repos":3,"owned_private_repos":3,"disk_usage":136872,"collaborators":0,"two_factor_authentication":false,"plan":{"name":"free","space":976562499,"collaborators":0,"private_repos":10000}}
[info] 
[info] +  Success! Logged into GitHub as fluit105 
[info] 
